c:\users\sylvain\documents\github\nocheatz-3\server-plugin\sourcesdk\interfaces\protobuf\protobuf-2.5.0\vsprojects\release\libprotobuf.pdb
c:\users\sylvain\documents\github\nocheatz-3\server-plugin\sourcesdk\interfaces\protobuf\protobuf-2.5.0\vsprojects\release\reflection_ops.obj
c:\users\sylvain\documents\github\nocheatz-3\server-plugin\sourcesdk\interfaces\protobuf\protobuf-2.5.0\vsprojects\release\message_lite.obj
c:\users\sylvain\documents\github\nocheatz-3\server-plugin\sourcesdk\interfaces\protobuf\protobuf-2.5.0\vsprojects\release\message.obj
c:\users\sylvain\documents\github\nocheatz-3\server-plugin\sourcesdk\interfaces\protobuf\protobuf-2.5.0\vsprojects\release\zero_copy_stream_impl_lite.obj
c:\users\sylvain\documents\github\nocheatz-3\server-plugin\sourcesdk\interfaces\protobuf\protobuf-2.5.0\vsprojects\release\zero_copy_stream_impl.obj
c:\users\sylvain\documents\github\nocheatz-3\server-plugin\sourcesdk\interfaces\protobuf\protobuf-2.5.0\vsprojects\release\zero_copy_stream.obj
c:\users\sylvain\documents\github\nocheatz-3\server-plugin\sourcesdk\interfaces\protobuf\protobuf-2.5.0\vsprojects\release\tokenizer.obj
c:\users\sylvain\documents\github\nocheatz-3\server-plugin\sourcesdk\interfaces\protobuf\protobuf-2.5.0\vsprojects\release\printer.obj
c:\users\sylvain\documents\github\nocheatz-3\server-plugin\sourcesdk\interfaces\protobuf\protobuf-2.5.0\vsprojects\release\gzip_stream.obj
c:\users\sylvain\documents\github\nocheatz-3\server-plugin\sourcesdk\interfaces\protobuf\protobuf-2.5.0\vsprojects\release\coded_stream.obj
c:\users\sylvain\documents\github\nocheatz-3\server-plugin\sourcesdk\interfaces\protobuf\protobuf-2.5.0\vsprojects\release\generated_message_util.obj
c:\users\sylvain\documents\github\nocheatz-3\server-plugin\sourcesdk\interfaces\protobuf\protobuf-2.5.0\vsprojects\release\generated_message_reflection.obj
c:\users\sylvain\documents\github\nocheatz-3\server-plugin\sourcesdk\interfaces\protobuf\protobuf-2.5.0\vsprojects\release\extension_set_heavy.obj
c:\users\sylvain\documents\github\nocheatz-3\server-plugin\sourcesdk\interfaces\protobuf\protobuf-2.5.0\vsprojects\release\extension_set.obj
c:\users\sylvain\documents\github\nocheatz-3\server-plugin\sourcesdk\interfaces\protobuf\protobuf-2.5.0\vsprojects\release\dynamic_message.obj
c:\users\sylvain\documents\github\nocheatz-3\server-plugin\sourcesdk\interfaces\protobuf\protobuf-2.5.0\vsprojects\release\descriptor_database.obj
c:\users\sylvain\documents\github\nocheatz-3\server-plugin\sourcesdk\interfaces\protobuf\protobuf-2.5.0\vsprojects\release\descriptor.pb.obj
c:\users\sylvain\documents\github\nocheatz-3\server-plugin\sourcesdk\interfaces\protobuf\protobuf-2.5.0\vsprojects\release\descriptor.obj
c:\users\sylvain\documents\github\nocheatz-3\server-plugin\sourcesdk\interfaces\protobuf\protobuf-2.5.0\vsprojects\release\parser.obj
c:\users\sylvain\documents\github\nocheatz-3\server-plugin\sourcesdk\interfaces\protobuf\protobuf-2.5.0\vsprojects\release\importer.obj
c:\users\sylvain\documents\github\nocheatz-3\server-plugin\sourcesdk\interfaces\protobuf\protobuf-2.5.0\vsprojects\release\wire_format_lite.obj
c:\users\sylvain\documents\github\nocheatz-3\server-plugin\sourcesdk\interfaces\protobuf\protobuf-2.5.0\vsprojects\release\wire_format.obj
c:\users\sylvain\documents\github\nocheatz-3\server-plugin\sourcesdk\interfaces\protobuf\protobuf-2.5.0\vsprojects\release\unknown_field_set.obj
c:\users\sylvain\documents\github\nocheatz-3\server-plugin\sourcesdk\interfaces\protobuf\protobuf-2.5.0\vsprojects\release\text_format.obj
c:\users\sylvain\documents\github\nocheatz-3\server-plugin\sourcesdk\interfaces\protobuf\protobuf-2.5.0\vsprojects\release\substitute.obj
c:\users\sylvain\documents\github\nocheatz-3\server-plugin\sourcesdk\interfaces\protobuf\protobuf-2.5.0\vsprojects\release\strutil.obj
c:\users\sylvain\documents\github\nocheatz-3\server-plugin\sourcesdk\interfaces\protobuf\protobuf-2.5.0\vsprojects\release\structurally_valid.obj
c:\users\sylvain\documents\github\nocheatz-3\server-plugin\sourcesdk\interfaces\protobuf\protobuf-2.5.0\vsprojects\release\stringprintf.obj
c:\users\sylvain\documents\github\nocheatz-3\server-plugin\sourcesdk\interfaces\protobuf\protobuf-2.5.0\vsprojects\release\once.obj
c:\users\sylvain\documents\github\nocheatz-3\server-plugin\sourcesdk\interfaces\protobuf\protobuf-2.5.0\vsprojects\release\common.obj
c:\users\sylvain\documents\github\nocheatz-3\server-plugin\sourcesdk\interfaces\protobuf\protobuf-2.5.0\vsprojects\release\atomicops_internals_x86_msvc.obj
c:\users\sylvain\documents\github\nocheatz-3\server-plugin\sourcesdk\interfaces\protobuf\protobuf-2.5.0\vsprojects\release\service.obj
c:\users\sylvain\documents\github\nocheatz-3\server-plugin\sourcesdk\interfaces\protobuf\protobuf-2.5.0\vsprojects\release\repeated_field.obj
c:\users\sylvain\documents\github\nocheatz-3\server-plugin\sourcesdk\interfaces\protobuf\protobuf-2.5.0\vsprojects\release\libprotobuf.lib
c:\users\sylvain\documents\github\nocheatz-3\server-plugin\sourcesdk\interfaces\protobuf\protobuf-2.5.0\vsprojects\release\libprotobuf.tlog\cl.command.1.tlog
c:\users\sylvain\documents\github\nocheatz-3\server-plugin\sourcesdk\interfaces\protobuf\protobuf-2.5.0\vsprojects\release\libprotobuf.tlog\cl.read.1.tlog
c:\users\sylvain\documents\github\nocheatz-3\server-plugin\sourcesdk\interfaces\protobuf\protobuf-2.5.0\vsprojects\release\libprotobuf.tlog\cl.write.1.tlog
c:\users\sylvain\documents\github\nocheatz-3\server-plugin\sourcesdk\interfaces\protobuf\protobuf-2.5.0\vsprojects\release\libprotobuf.tlog\lib-link.read.1.tlog
c:\users\sylvain\documents\github\nocheatz-3\server-plugin\sourcesdk\interfaces\protobuf\protobuf-2.5.0\vsprojects\release\libprotobuf.tlog\lib-link.write.1.tlog
c:\users\sylvain\documents\github\nocheatz-3\server-plugin\sourcesdk\interfaces\protobuf\protobuf-2.5.0\vsprojects\release\libprotobuf.tlog\lib.command.1.tlog
